<?xml version="1.0" encoding="utf-8"?><testsuites name="pytest tests"><testsuite name="pytest" errors="0" failures="0" skipped="0" tests="6" time="4.046" timestamp="2026-07-25T00:54:28.821440+00:00" hostname="agent-env-75df07c5-1f18-418f-a8ed-5236bc5dbc3c"><testcase classname="tests.test_iter6" name="test_catalogue_has_9_with_covers" time="0.139" /><testcase classname="tests.test_iter6" name="test_tour_public_lists" time="0.103" /><testcase classname="tests.test_iter6" name="test_newsletter_post" time="0.291" /><testcase classname="tests.test_iter6" name="test_tour_create_no_price_no_stripe" time="0.475" /><testcase classname="tests.test_iter6" name="test_tour_create_with_price_syncs_stripe" time="2.711" /><testcase classname="tests.test_iter6" name="test_checkout_bad_lookup_key" time="0.273" /></testsuite></testsuites>