<?xml version="1.0" encoding="utf-8"?><testsuites name="pytest tests"><testsuite name="pytest" errors="0" failures="0" skipped="2" tests="23" time="3.947" timestamp="2026-07-25T20:34:16.924304+00:00" hostname="agent-env-75df07c5-1f18-418f-a8ed-5236bc5dbc3c"><testcase classname="tests.test_iter8.TestPaymentsCheckout" name="test_email_required_for_ticket" time="0.762" /><testcase classname="tests.test_iter8.TestAdminEvents" name="test_status_validation_rejects_invalid" time="0.763" /><testcase classname="tests.test_iter8.TestPaymentsCheckout" name="test_ticket_checkout_success_creates_stripe_session" time="0.614" /><testcase classname="tests.test_iter8.TestAdminEvents" name="test_all_5_statuses_accepted[vision]" time="0.613" /><testcase classname="tests.test_iter8.TestAdminEvents" name="test_all_5_statuses_accepted[announced]" time="0.321" /><testcase classname="tests.test_iter8.TestPaymentsCheckout" name="test_checkout_rejects_when_event_not_on_sale" time="0.435"><skipped type="pytest.skip" message="No announced event with ticket type">/app/backend/tests/test_iter8.py:137: No announced event with ticket type</skipped></testcase><testcase classname="tests.test_iter8.TestAdminEvents" name="test_all_5_statuses_accepted[on_sale]" time="0.186" /><testcase classname="tests.test_iter8.TestPaymentsCheckout" name="test_checkout_rejects_over_remaining" time="0.080" /><testcase classname="tests.test_iter8.TestAdminEvents" name="test_all_5_statuses_accepted[sold_out]" time="0.229" /><testcase classname="tests.test_iter8.TestScan" name="test_scan_requires_auth" time="0.142" /><testcase classname="tests.test_iter8.TestScan" name="test_scan_unknown_returns_invalid" time="0.096" /><testcase classname="tests.test_iter8.TestAdminEvents" name="test_all_5_statuses_accepted[past]" time="0.156" /><testcase classname="tests.test_iter8.TestScan" name="test_scan_valid_then_already_scanned" time="0.103"><skipped type="pytest.skip" message="No valid tickets exist to test scan flow end-to-end">/app/backend/tests/test_iter8.py:183: No valid tickets exist to test scan flow end-to-end</skipped></testcase><testcase classname="tests.test_iter8.TestScan" name="test_scan_counter_shape" time="0.083" /><testcase classname="tests.test_iter8.TestAdminEvents" name="test_admin_events_list_requires_auth" time="0.109" /><testcase classname="tests.test_iter8.TestOutboxes" name="test_frek_id_outbox_shape" time="0.104" /><testcase classname="tests.test_iter8.TestPublicEvents" name="test_public_events_hides_vision_and_has_ticket_types" time="0.081" /><testcase classname="tests.test_iter8.TestOutboxes" name="test_wallet_outbox_shape" time="0.085" /><testcase classname="tests.test_iter8.TestPublicEvents" name="test_seeded_event_present" time="0.105" /><testcase classname="tests.test_iter8.TestTicketTypes" name="test_create_ticket_type_syncs_stripe" time="1.000" /><testcase classname="tests.test_iter8.TestTicketQR" name="test_qr_returns_png_or_404" time="0.117" /><testcase classname="tests.test_iter8.TestMigration" name="test_events_collection_has_migrated_docs" time="0.747" /><testcase classname="tests.test_iter8.TestFans" name="test_fans_shape" time="0.081" /></testsuite></testsuites>