<?xml version="1.0" encoding="utf-8"?><testsuites name="pytest tests"><testsuite name="pytest" errors="0" failures="0" skipped="0" tests="7" time="0.981" timestamp="2026-07-25T00:59:22.987471+00:00" hostname="agent-env-75df07c5-1f18-418f-a8ed-5236bc5dbc3c"><testcase classname="tests.test_iter7.TestIndexHtmlBranding" name="test_title_is_goodmood" time="0.193" /><testcase classname="tests.test_iter7.TestIndexHtmlBranding" name="test_meta_description_no_emergent" time="0.069" /><testcase classname="tests.test_iter7.TestIndexHtmlBranding" name="test_og_meta_present" time="0.070" /><testcase classname="tests.test_iter7.TestIndexHtmlBranding" name="test_favicon_link" time="0.151" /><testcase classname="tests.test_iter7.TestIter6Regression" name="test_catalogue_9_volumes" time="0.072" /><testcase classname="tests.test_iter7.TestIter6Regression" name="test_tour_endpoint" time="0.074" /><testcase classname="tests.test_iter7.TestIter6Regression" name="test_admin_login" time="0.295" /></testsuite></testsuites>