<?xml version="1.0" encoding="utf-8"?><testsuites name="pytest tests"><testsuite name="pytest" errors="0" failures="1" skipped="0" tests="11" time="5.284" timestamp="2026-07-25T00:37:36.796633+00:00" hostname="agent-env-75df07c5-1f18-418f-a8ed-5236bc5dbc3c"><testcase classname="tests.test_iter5" name="test_public_merch_empty" time="0.113" /><testcase classname="tests.test_iter5" name="test_catalogue_9_volumes" time="0.029" /><testcase classname="tests.test_iter5" name="test_tour_seeded" time="0.030" /><testcase classname="tests.test_iter5" name="test_newsletter_new_email_returns_already_false_and_logs_skip" time="1.087" /><testcase classname="tests.test_iter5" name="test_newsletter_duplicate_returns_already_true" time="0.100" /><testcase classname="tests.test_iter5" name="test_admin_login_success" time="0.256" /><testcase classname="tests.test_iter5" name="test_admin_merch_requires_auth" time="0.070"><failure message="assert 200 == 401&#10; +  where 200 = &lt;Response [200]&gt;.status_code">backend/tests/test_iter5.py:98: in test_admin_merch_requires_auth
    assert r.status_code == 401
E   assert 200 == 401
E    +  where 200 = &lt;Response [200]&gt;.status_code</failure></testcase><testcase classname="tests.test_iter5" name="test_product_with_empty_sizes_persists" time="1.146" /><testcase classname="tests.test_iter5" name="test_product_with_one_size" time="1.089" /><testcase classname="tests.test_iter5" name="test_checkout_works_with_no_size_product" time="0.749" /><testcase classname="tests.test_iter5" name="test_checkout_invalid_lookup_404" time="0.550" /></testsuite></testsuites>