<?xml version="1.0" encoding="utf-8"?><testsuites name="pytest tests"><testsuite name="pytest" errors="0" failures="0" skipped="0" tests="8" time="4.741" timestamp="2026-07-25T00:24:19.892176+00:00" hostname="agent-env-75df07c5-1f18-418f-a8ed-5236bc5dbc3c"><testcase classname="tests.test_merch_payments" name="test_public_merch_returns_seeded_tee" time="0.166" /><testcase classname="tests.test_merch_payments" name="test_checkout_creates_stripe_session" time="1.006" /><testcase classname="tests.test_merch_payments" name="test_checkout_invalid_lookup_key_404" time="0.223" /><testcase classname="tests.test_merch_payments" name="test_payment_status_pending" time="0.291" /><testcase classname="tests.test_merch_payments" name="test_admin_merch_requires_auth" time="0.079" /><testcase classname="tests.test_merch_payments" name="test_admin_merch_list" time="0.384" /><testcase classname="tests.test_merch_payments" name="test_admin_orders_shows_test_session" time="0.041" /><testcase classname="tests.test_merch_payments" name="test_full_crud_cycle" time="2.229" /></testsuite></testsuites>