<?xml version="1.0" encoding="utf-8"?><testsuites name="pytest tests"><testsuite name="pytest" errors="0" failures="0" skipped="0" tests="9" time="1.025" timestamp="2026-07-24T23:33:08.266381+00:00" hostname="agent-env-75df07c5-1f18-418f-a8ed-5236bc5dbc3c"><testcase classname="tests.test_soundcloud_integration.TestExistingFlowsUnchanged" name="test_tour_still_returns_5" time="0.258" /><testcase classname="tests.test_soundcloud_integration.TestCatalogueSoundCloud" name="test_catalogue_has_9_volumes" time="0.236" /><testcase classname="tests.test_soundcloud_integration.TestCatalogueSoundCloud" name="test_vol01_soundcloud_url" time="0.000" /><testcase classname="tests.test_soundcloud_integration.TestCatalogueSoundCloud" name="test_vol02_soundcloud_url" time="0.000" /><testcase classname="tests.test_soundcloud_integration.TestCatalogueSoundCloud" name="test_other_volumes_empty_listen_url" time="0.000" /><testcase classname="tests.test_soundcloud_integration.TestCatalogueSoundCloud" name="test_no_mongo_id_leak" time="0.000" /><testcase classname="tests.test_soundcloud_integration.TestCatalogueSoundCloud" name="test_volumes_have_required_fields" time="0.000" /><testcase classname="tests.test_soundcloud_integration.TestExistingFlowsUnchanged" name="test_newsletter_still_works" time="0.113" /><testcase classname="tests.test_soundcloud_integration.TestExistingFlowsUnchanged" name="test_admin_login_still_works" time="0.304" /></testsuite></testsuites>