<?xml version="1.0" encoding="utf-8"?><testsuites name="pytest tests"><testsuite name="pytest" errors="0" failures="0" skipped="0" tests="17" time="1.655" timestamp="2026-07-24T23:56:57.717580+00:00" hostname="agent-env-75df07c5-1f18-418f-a8ed-5236bc5dbc3c"><testcase classname="tests.test_catalogue_real_data.TestExistingFlowsUnchanged" name="test_tour_returns_5" time="0.152" /><testcase classname="tests.test_catalogue_real_data.TestExistingFlowsUnchanged" name="test_newsletter_post" time="0.177" /><testcase classname="tests.test_catalogue_real_data.TestCatalogueRealData" name="test_nine_volumes" time="0.268" /><testcase classname="tests.test_catalogue_real_data.TestCatalogueRealData" name="test_no_mongo_id" time="0.000" /><testcase classname="tests.test_catalogue_real_data.TestCatalogueRealData" name="test_volume_real_metadata[01]" time="0.000" /><testcase classname="tests.test_catalogue_real_data.TestCatalogueRealData" name="test_volume_real_metadata[02]" time="0.000" /><testcase classname="tests.test_catalogue_real_data.TestCatalogueRealData" name="test_volume_real_metadata[03]" time="0.000" /><testcase classname="tests.test_catalogue_real_data.TestCatalogueRealData" name="test_volume_real_metadata[04]" time="0.000" /><testcase classname="tests.test_catalogue_real_data.TestCatalogueRealData" name="test_volume_real_metadata[05]" time="0.000" /><testcase classname="tests.test_catalogue_real_data.TestCatalogueRealData" name="test_volume_real_metadata[06]" time="0.000" /><testcase classname="tests.test_catalogue_real_data.TestCatalogueRealData" name="test_volume_real_metadata[07]" time="0.000" /><testcase classname="tests.test_catalogue_real_data.TestCatalogueRealData" name="test_volume_real_metadata[08]" time="0.000" /><testcase classname="tests.test_catalogue_real_data.TestCatalogueRealData" name="test_volume_real_metadata[09]" time="0.000" /><testcase classname="tests.test_catalogue_real_data.TestCatalogueRealData" name="test_vol08_plays_530k" time="0.000" /><testcase classname="tests.test_catalogue_real_data.TestCatalogueRealData" name="test_all_have_plays_field_present" time="0.000" /><testcase classname="tests.test_catalogue_real_data.TestExistingFlowsUnchanged" name="test_admin_login" time="0.311" /><testcase classname="tests.test_catalogue_real_data.TestAdminCRUDAcceptsNewFields" name="test_put_accepts_year_plays_sc_track" time="0.701" /></testsuite></testsuites>